#
# A fatal error has been detected by the Java Runtime Environment:
#
#  Internal Error (safepoint.cpp:310), pid=57254, tid=0x0000000000003403
#  guarantee(PageArmed == 0) failed: invariant
#
# JRE version: Java(TM) SE Runtime Environment (8.0_112-b16) (build 1.8.0_112-b16)
# Java VM: Java HotSpot(TM) 64-Bit Server VM (25.112-b16 mixed mode bsd-amd64 compressed oops)
# Failed to write core dump. Core dumps have been disabled. To enable core dumping, try "ulimit -c unlimited" before starting Java again
#
# If you would like to submit a bug report, please visit:
#   http://bugreport.java.com/bugreport/crash.jsp
#

---------------  T H R E A D  ---------------

Current thread (0x00007fbed103e800):  VMThread [stack: 0x00007000047b0000,0x00007000048b0000] [id=13315]

Stack: [0x00007000047b0000,0x00007000048b0000],  sp=0x00007000048af910,  free space=1022k
Native frames: (J=compiled Java code, j=interpreted, Vv=VM code, C=native code)
V  [libjvm.dylib+0x5b0996]  VMError::report_and_die()+0x3f8
V  [libjvm.dylib+0x1e7bab]  report_vm_error(char const*, int, char const*, char const*)+0x54
V  [libjvm.dylib+0x4e1bba]  SafepointSynchronize::begin()+0x2c8
V  [libjvm.dylib+0x5b6fd3]  VMThread::loop()+0x319
V  [libjvm.dylib+0x5b6901]  VMThread::run()+0x79
V  [libjvm.dylib+0x48a7ae]  java_start(Thread*)+0xf6
C  [libsystem_pthread.dylib+0x393b]  _pthread_body+0xb4
C  [libsystem_pthread.dylib+0x3887]  _pthread_body+0x0
C  [libsystem_pthread.dylib+0x308d]  thread_start+0xd

VM_Operation (0x0000700003e8e658): Exit, mode: safepoint, requested by thread 0x00007fbed4000000


---------------  P R O C E S S  ---------------

Java Threads: ( => current thread )
  0x00007fbed4000000 JavaThread "SIGTERM handler" daemon [_thread_blocked, id=4363, stack(0x0000700003d8f000,0x0000700003e8f000)]
  0x00007fbed2014000 JavaThread "Service Thread" daemon [_thread_blocked, id=21251, stack(0x000070000504b000,0x000070000514b000)]
  0x00007fbed381a800 JavaThread "C1 CompilerThread3" daemon [_thread_blocked, id=20739, stack(0x0000700004f48000,0x0000700005048000)]
  0x00007fbed3819800 JavaThread "C2 CompilerThread2" daemon [_thread_blocked, id=20227, stack(0x0000700004e45000,0x0000700004f45000)]
  0x00007fbed3819000 JavaThread "C2 CompilerThread1" daemon [_thread_blocked, id=19715, stack(0x0000700004d42000,0x0000700004e42000)]
  0x00007fbed3803000 JavaThread "C2 CompilerThread0" daemon [_thread_blocked, id=19203, stack(0x0000700004c3f000,0x0000700004d3f000)]
  0x00007fbed3816800 JavaThread "Signal Dispatcher" daemon [_thread_blocked, id=18691, stack(0x0000700004b3c000,0x0000700004c3c000)]
  0x00007fbed104b800 JavaThread "Finalizer" daemon [_thread_blocked, id=14339, stack(0x00007000049b6000,0x0000700004ab6000)]
  0x00007fbed1043000 JavaThread "Reference Handler" daemon [_thread_blocked, id=13827, stack(0x00007000048b3000,0x00007000049b3000)]
  0x00007fbed4001800 JavaThread "main" [_thread_in_Java, id=6915, stack(0x0000700003e95000,0x0000700003f95000)]

Other Threads:
=>0x00007fbed103e800 VMThread [stack: 0x00007000047b0000,0x00007000048b0000] [id=13315]

VM state:synchronizing (normal execution)

VM Mutex/Monitor currently owned by a thread:  ([mutex/lock_event])
[0x00007fbed0e02ec0] Safepoint_lock - owner thread: 0x00007fbed103e800
[0x00007fbed0e02f40] Threads_lock - owner thread: 0x00007fbed103e800

Heap:
 PSYoungGen      total 76288K, used 5243K [0x000000076ab00000, 0x0000000770000000, 0x00000007c0000000)
  eden space 65536K, 8% used [0x000000076ab00000,0x000000076b01eca0,0x000000076eb00000)
  from space 10752K, 0% used [0x000000076f580000,0x000000076f580000,0x0000000770000000)
  to   space 10752K, 0% used [0x000000076eb00000,0x000000076eb00000,0x000000076f580000)
 ParOldGen       total 175104K, used 0K [0x00000006c0000000, 0x00000006cab00000, 0x000000076ab00000)
  object space 175104K, 0% used [0x00000006c0000000,0x00000006c0000000,0x00000006cab00000)
 Metaspace       used 2653K, capacity 4486K, committed 4864K, reserved 1056768K
  class space    used 289K, capacity 386K, committed 512K, reserved 1048576K

Card table byte_map: [0x00000001205c0000,0x0000000120dc1000] byte_map_base: 0x000000011cfc0000

Marking Bits: (ParMarkBitMap*) 0x000000010f9a5d30
 Begin Bits: [0x0000000121317000, 0x0000000125317000)
 End Bits:   [0x0000000125317000, 0x0000000129317000)

Polling page: 0x00000001034ed000

CodeCache: size=245760Kb used=1097Kb max_used=1109Kb free=244662Kb
 bounds [0x0000000111200000, 0x0000000111470000, 0x0000000120200000]
 total_blobs=250 nmethods=20 adapters=145
 compilation: enabled

Compilation events (10 events):
Event: 0.103 Thread 0x00007fbed3803000   16 %     4       core.PerfectNumber::isPerfectNumber @ 7 (36 bytes)
Event: 0.105 Thread 0x00007fbed3803000 nmethod 16% 0x0000000111311c10 code [0x0000000111311d60, 0x0000000111311f78]
Event: 0.105 Thread 0x00007fbed3819800   17       4       core.PerfectNumber::isPerfectNumber (36 bytes)
Event: 0.107 Thread 0x00007fbed3819800 nmethod 17 0x0000000111312010 code [0x0000000111312160, 0x0000000111312338]
Event: 4.422 Thread 0x00007fbed381a800   18 %     3       core.PerfectNumber::main @ 8 (49 bytes)
Event: 4.424 Thread 0x00007fbed381a800 nmethod 18% 0x00000001113105d0 code [0x0000000111310820, 0x0000000111311528]
Event: 4.570 Thread 0x00007fbed381a800   19       3       core.PerfectNumber::main (49 bytes)
Event: 4.571 Thread 0x00007fbed381a800 nmethod 19 0x000000011130ef90 code [0x000000011130f1e0, 0x000000011130fea8]
Event: 12.305 Thread 0x00007fbed3819000   20 %     4       core.PerfectNumber::main @ 8 (49 bytes)
Event: 12.308 Thread 0x00007fbed3819000 nmethod 20% 0x0000000111315250 code [0x00000001113153a0, 0x0000000111315618]

GC Heap History (0 events):
No events

Deoptimization events (0 events):
No events

Internal exceptions (2 events):
Event: 0.034 Thread 0x00007fbed4001800 Exception <a 'java/lang/NoSuchMethodError': Method sun.misc.Unsafe.defineClass(Ljava/lang/String;[BII)Ljava/lang/Class; name or signature does not match> (0x000000076ab07c78) thrown at [/Users/java_re/workspace/8-2-build-macosx-x86_64/jdk8u112/7935/hotspo
Event: 0.034 Thread 0x00007fbed4001800 Exception <a 'java/lang/NoSuchMethodError': Method sun.misc.Unsafe.prefetchRead(Ljava/lang/Object;J)V name or signature does not match> (0x000000076ab07f60) thrown at [/Users/java_re/workspace/8-2-build-macosx-x86_64/jdk8u112/7935/hotspot/src/share/vm/pri

Events (10 events):
Event: 14.387 Thread 0x00007fbed4001800 DEOPT PACKING pc=0x0000000111311280 sp=0x0000700003f94880
Event: 14.387 Thread 0x00007fbed4001800 DEOPT UNPACKING pc=0x0000000111247633 sp=0x0000700003f94630 mode 0
Event: 33024.105 loading class sun/misc/Signal$1
Event: 33024.106 loading class sun/misc/Signal$1 done
Event: 33024.108 Thread 0x00007fbed4000000 Thread added: 0x00007fbed4000000
Event: 33024.108 loading class java/lang/Shutdown
Event: 33024.109 loading class java/lang/Shutdown done
Event: 33024.109 loading class java/lang/Shutdown$Lock
Event: 33024.109 loading class java/lang/Shutdown$Lock done
Event: 33024.109 Executing VM operation: Exit


Dynamic libraries:
0x00000001034e5000 	/System/Library/Frameworks/Cocoa.framework/Versions/A/Cocoa
0x00000001034ee000 	/System/Library/Frameworks/Security.framework/Versions/A/Security
0x00000001039a2000 	/System/Library/Frameworks/ApplicationServices.framework/Versions/A/ApplicationServices
0x00000001039ab000 	/usr/lib/libz.1.dylib
0x00000001039c3000 	/usr/lib/libSystem.B.dylib
0x00000001039ca000 	/usr/lib/libobjc.A.dylib
0x0000000103e7e000 	/System/Library/Frameworks/CoreFoundation.framework/Versions/A/CoreFoundation
0x00000001045b0000 	/System/Library/Frameworks/Foundation.framework/Versions/C/Foundation
0x0000000104c52000 	/System/Library/Frameworks/AppKit.framework/Versions/C/AppKit
0x0000000106478000 	/System/Library/Frameworks/CoreData.framework/Versions/A/CoreData
0x00000001068ea000 	/System/Library/PrivateFrameworks/RemoteViewServices.framework/Versions/A/RemoteViewServices
0x0000000106938000 	/System/Library/PrivateFrameworks/UIFoundation.framework/Versions/A/UIFoundation
0x0000000106b9a000 	/System/Library/PrivateFrameworks/DFRFoundation.framework/Versions/A/DFRFoundation
0x0000000106bba000 	/usr/lib/libenergytrace.dylib
0x0000000106bc4000 	/System/Library/PrivateFrameworks/SkyLight.framework/Versions/A/SkyLight
0x0000000106f08000 	/System/Library/Frameworks/CoreGraphics.framework/Versions/A/CoreGraphics
0x00000001076bb000 	/usr/lib/libScreenReader.dylib
0x00000001076ca000 	/System/Library/Frameworks/Accelerate.framework/Versions/A/Accelerate
0x00000001076d0000 	/System/Library/Frameworks/IOSurface.framework/Versions/A/IOSurface
0x00000001076e4000 	/System/Library/Frameworks/AudioToolbox.framework/Versions/A/AudioToolbox
0x0000000107a06000 	/System/Library/Frameworks/AudioUnit.framework/Versions/A/AudioUnit
0x0000000107a18000 	/System/Library/PrivateFrameworks/DataDetectorsCore.framework/Versions/A/DataDetectorsCore
0x0000000107ad0000 	/System/Library/PrivateFrameworks/DesktopServicesPriv.framework/Versions/A/DesktopServicesPriv
0x0000000107c74000 	/System/Library/Frameworks/Carbon.framework/Versions/A/Frameworks/HIToolbox.framework/Versions/A/HIToolbox
0x0000000108108000 	/usr/lib/libicucore.A.dylib
0x00000001083ff000 	/System/Library/Frameworks/QuartzCore.framework/Versions/A/QuartzCore
0x00000001086fa000 	/System/Library/Frameworks/Carbon.framework/Versions/A/Frameworks/SpeechRecognition.framework/Versions/A/SpeechRecognition
0x0000000108710000 	/usr/lib/libauto.dylib
0x000000010871c000 	/usr/lib/libxml2.2.dylib
0x000000010884a000 	/System/Library/PrivateFrameworks/CoreUI.framework/Versions/A/CoreUI
0x0000000108b5e000 	/System/Library/Frameworks/CoreAudio.framework/Versions/A/CoreAudio
0x0000000108c1c000 	/System/Library/Frameworks/DiskArbitration.framework/Versions/A/DiskArbitration
0x0000000108c2c000 	/usr/lib/liblangid.dylib
0x0000000108c32000 	/System/Library/PrivateFrameworks/MultitouchSupport.framework/Versions/A/MultitouchSupport
0x0000000108c70000 	/System/Library/Frameworks/IOKit.framework/Versions/A/IOKit
0x0000000108d51000 	/usr/lib/libDiagnosticMessagesClient.dylib
0x0000000108d5f000 	/System/Library/Frameworks/CoreServices.framework/Versions/A/CoreServices
0x0000000108d65000 	/System/Library/PrivateFrameworks/PerformanceAnalysis.framework/Versions/A/PerformanceAnalysis
0x0000000108ded000 	/System/Library/PrivateFrameworks/GenerationalStorage.framework/Versions/A/GenerationalStorage
0x0000000108e24000 	/System/Library/Frameworks/OpenGL.framework/Versions/A/OpenGL
0x0000000108e42000 	/System/Library/Frameworks/CoreImage.framework/Versions/A/CoreImage
0x0000000109206000 	/System/Library/Frameworks/CoreText.framework/Versions/A/CoreText
0x0000000109416000 	/System/Library/Frameworks/ImageIO.framework/Versions/A/ImageIO
0x0000000109617000 	/System/Library/PrivateFrameworks/Backup.framework/Versions/A/Backup
0x0000000109701000 	/usr/lib/libarchive.2.dylib
0x000000010973e000 	/System/Library/Frameworks/CFNetwork.framework/Versions/A/CFNetwork
0x0000000109e3d000 	/System/Library/Frameworks/SystemConfiguration.framework/Versions/A/SystemConfiguration
0x0000000109ee5000 	/usr/lib/libCRFSuite.dylib
0x0000000109f11000 	/usr/lib/libc++.1.dylib
0x0000000109fc7000 	/usr/lib/libc++abi.dylib
0x000000010a008000 	/usr/lib/system/libcache.dylib
0x000000010a019000 	/usr/lib/system/libcommonCrypto.dylib
0x000000010a031000 	/usr/lib/system/libcompiler_rt.dylib
0x000000010a04b000 	/usr/lib/system/libcopyfile.dylib
0x000000010a05f000 	/usr/lib/system/libcorecrypto.dylib
0x000000010a101000 	/usr/lib/system/libdispatch.dylib
0x000000010a171000 	/usr/lib/system/libdyld.dylib
0x000000010a181000 	/usr/lib/system/libkeymgr.dylib
0x000000010a186000 	/usr/lib/system/liblaunch.dylib
0x000000010a191000 	/usr/lib/system/libmacho.dylib
0x000000010a1a0000 	/usr/lib/system/libquarantine.dylib
0x000000010a1ad000 	/usr/lib/system/libremovefile.dylib
0x000000010a1bb000 	/usr/lib/system/libsystem_asl.dylib
0x000000010a1e3000 	/usr/lib/system/libsystem_blocks.dylib
0x000000010a1e8000 	/usr/lib/system/libsystem_c.dylib
0x000000010a2a0000 	/usr/lib/system/libsystem_configuration.dylib
0x000000010a2ab000 	/usr/lib/system/libsystem_coreservices.dylib
0x000000010a2b5000 	/usr/lib/system/libsystem_coretls.dylib
0x000000010a2de000 	/usr/lib/system/libsystem_dnssd.dylib
0x000000010a2ed000 	/usr/lib/system/libsystem_info.dylib
0x000000010a32e000 	/usr/lib/system/libsystem_kernel.dylib
0x000000010a369000 	/usr/lib/system/libsystem_m.dylib
0x000000010a3c3000 	/usr/lib/system/libsystem_malloc.dylib
0x000000010a3f1000 	/usr/lib/system/libsystem_network.dylib
0x000000010a473000 	/usr/lib/system/libsystem_networkextension.dylib
0x000000010a489000 	/usr/lib/system/libsystem_notify.dylib
0x000000010a49a000 	/usr/lib/system/libsystem_platform.dylib
0x000000010a4ad000 	/usr/lib/system/libsystem_pthread.dylib
0x000000010a4c6000 	/usr/lib/system/libsystem_sandbox.dylib
0x000000010a4d7000 	/usr/lib/system/libsystem_secinit.dylib
0x000000010a4de000 	/usr/lib/system/libsystem_symptoms.dylib
0x000000010a4ed000 	/usr/lib/system/libsystem_trace.dylib
0x000000010a513000 	/usr/lib/system/libunwind.dylib
0x000000010a527000 	/usr/lib/system/libxpc.dylib
0x000000010a571000 	/usr/lib/libbsm.0.dylib
0x000000010a592000 	/usr/lib/system/libkxld.dylib
0x000000010a5a6000 	/usr/lib/libcoretls.dylib
0x000000010a5b2000 	/usr/lib/libcoretls_cfhelpers.dylib
0x000000010a5bf000 	/usr/lib/libOpenScriptingUtil.dylib
0x000000010a5cb000 	/usr/lib/libpam.2.dylib
0x000000010a5d8000 	/usr/lib/libsqlite3.dylib
0x000000010a743000 	/usr/lib/libxar.1.dylib
0x000000010a761000 	/usr/lib/libbz2.1.0.dylib
0x000000010a778000 	/usr/lib/liblzma.5.dylib
0x000000010a7a0000 	/usr/lib/libnetwork.dylib
0x000000010a85c000 	/usr/lib/libpcap.A.dylib
0x000000010a89e000 	/System/Library/Frameworks/CoreServices.framework/Versions/A/Frameworks/FSEvents.framework/Versions/A/FSEvents
0x000000010a8b0000 	/System/Library/Frameworks/CoreServices.framework/Versions/A/Frameworks/CarbonCore.framework/Versions/A/CarbonCore
0x000000010a406000 	/System/Library/Frameworks/CoreServices.framework/Versions/A/Frameworks/Metadata.framework/Versions/A/Metadata
0x000000010ad38000 	/System/Library/Frameworks/CoreServices.framework/Versions/A/Frameworks/OSServices.framework/Versions/A/OSServices
0x000000010ade7000 	/System/Library/Frameworks/CoreServices.framework/Versions/A/Frameworks/SearchKit.framework/Versions/A/SearchKit
0x000000010ae9e000 	/System/Library/Frameworks/CoreServices.framework/Versions/A/Frameworks/AE.framework/Versions/A/AE
0x000000010af21000 	/System/Library/Frameworks/CoreServices.framework/Versions/A/Frameworks/LaunchServices.framework/Versions/A/LaunchServices
0x000000010b185000 	/System/Library/Frameworks/CoreServices.framework/Versions/A/Frameworks/DictionaryServices.framework/Versions/A/DictionaryServices
0x000000010b1eb000 	/System/Library/Frameworks/CoreServices.framework/Versions/A/Frameworks/SharedFileList.framework/Versions/A/SharedFileList
0x000000010b269000 	/System/Library/Frameworks/NetFS.framework/Versions/A/NetFS
0x000000010b27c000 	/System/Library/PrivateFrameworks/NetAuth.framework/Versions/A/NetAuth
0x000000010b298000 	/System/Library/PrivateFrameworks/login.framework/Versions/A/Frameworks/loginsupport.framework/Versions/A/loginsupport
0x000000010b2a6000 	/System/Library/PrivateFrameworks/TCC.framework/Versions/A/TCC
0x000000010b2b9000 	/usr/lib/libmecabra.dylib
0x000000010b5c6000 	/System/Library/Frameworks/ApplicationServices.framework/Versions/A/Frameworks/ATS.framework/Versions/A/ATS
0x000000010b666000 	/System/Library/Frameworks/ApplicationServices.framework/Versions/A/Frameworks/ColorSync.framework/Versions/A/ColorSync
0x000000010b75d000 	/System/Library/Frameworks/ApplicationServices.framework/Versions/A/Frameworks/HIServices.framework/Versions/A/HIServices
0x000000010b7ec000 	/System/Library/Frameworks/ApplicationServices.framework/Versions/A/Frameworks/LangAnalysis.framework/Versions/A/LangAnalysis
0x000000010b80e000 	/System/Library/Frameworks/ApplicationServices.framework/Versions/A/Frameworks/PrintCore.framework/Versions/A/PrintCore
0x000000010b88d000 	/System/Library/Frameworks/ApplicationServices.framework/Versions/A/Frameworks/QD.framework/Versions/A/QD
0x000000010b8f5000 	/System/Library/Frameworks/ApplicationServices.framework/Versions/A/Frameworks/SpeechSynthesis.framework/Versions/A/SpeechSynthesis
0x000000010b91b000 	/System/Library/Frameworks/Accelerate.framework/Versions/A/Frameworks/vImage.framework/Versions/A/vImage
0x000000010bfce000 	/System/Library/Frameworks/Accelerate.framework/Versions/A/Frameworks/vecLib.framework/Versions/A/vecLib
0x000000010bfd5000 	/System/Library/Frameworks/Accelerate.framework/Versions/A/Frameworks/vecLib.framework/Versions/A/libvDSP.dylib
0x000000010c137000 	/System/Library/Frameworks/Accelerate.framework/Versions/A/Frameworks/vecLib.framework/Versions/A/libBNNS.dylib
0x000000010c15c000 	/System/Library/Frameworks/Accelerate.framework/Versions/A/Frameworks/vecLib.framework/Versions/A/libQuadrature.dylib
0x000000010c16d000 	/System/Library/Frameworks/Accelerate.framework/Versions/A/Frameworks/vecLib.framework/Versions/A/libvMisc.dylib
0x000000010c232000 	/System/Library/Frameworks/Accelerate.framework/Versions/A/Frameworks/vecLib.framework/Versions/A/libLAPACK.dylib
0x000000010c6a3000 	/System/Library/Frameworks/Accelerate.framework/Versions/A/Frameworks/vecLib.framework/Versions/A/libBLAS.dylib
0x000000010c892000 	/System/Library/Frameworks/Accelerate.framework/Versions/A/Frameworks/vecLib.framework/Versions/A/libLinearAlgebra.dylib
0x000000010c8b3000 	/System/Library/Frameworks/Accelerate.framework/Versions/A/Frameworks/vecLib.framework/Versions/A/libSparseBLAS.dylib
0x000000010c8d0000 	/System/Library/Frameworks/ApplicationServices.framework/Versions/A/Frameworks/ATS.framework/Versions/A/Resources/libFontParser.dylib
0x000000010ca8a000 	/System/Library/Frameworks/ApplicationServices.framework/Versions/A/Frameworks/ATS.framework/Versions/A/Resources/libFontRegistry.dylib
0x000000010cb0b000 	/System/Library/Frameworks/ImageIO.framework/Versions/A/Resources/libJPEG.dylib
0x000000010cb3a000 	/System/Library/Frameworks/ImageIO.framework/Versions/A/Resources/libTIFF.dylib
0x000000010cb99000 	/System/Library/Frameworks/ImageIO.framework/Versions/A/Resources/libPng.dylib
0x000000010cbcf000 	/System/Library/Frameworks/ImageIO.framework/Versions/A/Resources/libGIF.dylib
0x000000010cbd9000 	/System/Library/Frameworks/ImageIO.framework/Versions/A/Resources/libJP2.dylib
0x000000010ccfa000 	/System/Library/Frameworks/ImageIO.framework/Versions/A/Resources/libRadiance.dylib
0x000000010cd03000 	/usr/lib/libcompression.dylib
0x000000010cd22000 	/System/Library/PrivateFrameworks/AppleJPEG.framework/Versions/A/AppleJPEG
0x000000010ce16000 	/usr/lib/libcups.2.dylib
0x000000010ce88000 	/System/Library/Frameworks/Kerberos.framework/Versions/A/Kerberos
0x000000010cebf000 	/System/Library/Frameworks/GSS.framework/Versions/A/GSS
0x000000010cf18000 	/usr/lib/libresolv.9.dylib
0x000000010cf47000 	/usr/lib/libiconv.2.dylib
0x000000010d04f000 	/System/Library/PrivateFrameworks/Heimdal.framework/Versions/A/Heimdal
0x000000010d0f8000 	/usr/lib/libheimdal-asn1.dylib
0x000000010d106000 	/System/Library/Frameworks/OpenDirectory.framework/Versions/A/OpenDirectory
0x000000010d126000 	/System/Library/PrivateFrameworks/CommonAuth.framework/Versions/A/CommonAuth
0x000000010d13e000 	/System/Library/Frameworks/OpenDirectory.framework/Versions/A/Frameworks/CFOpenDirectory.framework/Versions/A/CFOpenDirectory
0x000000010d17e000 	/System/Library/Frameworks/SecurityFoundation.framework/Versions/A/SecurityFoundation
0x000000010d23d000 	/System/Library/PrivateFrameworks/LanguageModeling.framework/Versions/A/LanguageModeling
0x000000010d427000 	/usr/lib/libmarisa.dylib
0x000000010d44e000 	/usr/lib/libChineseTokenizer.dylib
0x000000010d469000 	/usr/lib/libcmph.dylib
0x000000010d489000 	/System/Library/PrivateFrameworks/CoreEmoji.framework/Versions/A/CoreEmoji
0x000000010d4b5000 	/System/Library/Frameworks/ServiceManagement.framework/Versions/A/ServiceManagement
0x000000010d4c1000 	/usr/lib/libxslt.1.dylib
0x000000010d4ff000 	/System/Library/Frameworks/Carbon.framework/Versions/A/Frameworks/Ink.framework/Versions/A/Ink
0x000000010d5ca000 	/System/Library/PrivateFrameworks/TextureIO.framework/Versions/A/TextureIO
0x000000010d6b0000 	/System/Library/Frameworks/Metal.framework/Versions/A/Metal
0x000000010d7b8000 	/usr/lib/libate.dylib
0x000000010d8be000 	/System/Library/PrivateFrameworks/GPUCompiler.framework/libmetal_timestamp.dylib
0x000000010d8c2000 	/System/Library/Frameworks/OpenGL.framework/Versions/A/Libraries/libCoreFSCache.dylib
0x000000010d8d1000 	/System/Library/PrivateFrameworks/IOAccelerator.framework/Versions/A/IOAccelerator
0x000000010d8e5000 	/System/Library/Frameworks/CoreVideo.framework/Versions/A/CoreVideo
0x000000010d944000 	/usr/lib/libFosl_dynamic.dylib
0x000000010db91000 	/System/Library/PrivateFrameworks/MetalPerformanceShaders.framework/Versions/A/MetalPerformanceShaders
0x000000010dc55000 	/System/Library/PrivateFrameworks/FaceCore.framework/Versions/A/FaceCore
0x000000010e2aa000 	/System/Library/Frameworks/OpenCL.framework/Versions/A/OpenCL
0x000000010e316000 	/System/Library/Frameworks/OpenGL.framework/Versions/A/Libraries/libGLU.dylib
0x000000010e36d000 	/System/Library/Frameworks/OpenGL.framework/Versions/A/Libraries/libGFXShared.dylib
0x000000010e381000 	/System/Library/Frameworks/OpenGL.framework/Versions/A/Libraries/libGL.dylib
0x000000010e3a2000 	/System/Library/Frameworks/OpenGL.framework/Versions/A/Libraries/libGLImage.dylib
0x000000010e3e7000 	/System/Library/Frameworks/OpenGL.framework/Versions/A/Libraries/libCVMSPluginSupport.dylib
0x000000010e3f3000 	/System/Library/Frameworks/OpenGL.framework/Versions/A/Libraries/libCoreVMClient.dylib
0x000000010e403000 	/System/Library/PrivateFrameworks/CrashReporterSupport.framework/Versions/A/CrashReporterSupport
0x000000010e425000 	/System/Library/PrivateFrameworks/Sharing.framework/Versions/A/Sharing
0x000000010e540000 	/System/Library/PrivateFrameworks/IconServices.framework/Versions/A/IconServices
0x000000010e58a000 	/System/Library/PrivateFrameworks/ProtocolBuffer.framework/Versions/A/ProtocolBuffer
0x000000010e5c2000 	/System/Library/PrivateFrameworks/Apple80211.framework/Versions/A/Apple80211
0x000000010e5f6000 	/System/Library/Frameworks/CoreWLAN.framework/Versions/A/CoreWLAN
0x000000010e6b9000 	/System/Library/PrivateFrameworks/CoreUtils.framework/Versions/A/CoreUtils
0x000000010e7f1000 	/System/Library/Frameworks/IOBluetooth.framework/Versions/A/IOBluetooth
0x000000010e917000 	/System/Library/PrivateFrameworks/CoreWiFi.framework/Versions/A/CoreWiFi
0x000000010e9de000 	/System/Library/Frameworks/CoreBluetooth.framework/Versions/A/CoreBluetooth
0x000000010ea0c000 	/System/Library/Frameworks/CoreDisplay.framework/Versions/A/CoreDisplay
0x000000010eaf8000 	/System/Library/PrivateFrameworks/IOPresentment.framework/Versions/A/IOPresentment
0x000000010eb28000 	/System/Library/PrivateFrameworks/DSExternalDisplay.framework/Versions/A/DSExternalDisplay
0x000000010eb37000 	/System/Library/PrivateFrameworks/DebugSymbols.framework/Versions/A/DebugSymbols
0x000000010eb9a000 	/System/Library/PrivateFrameworks/CoreSymbolication.framework/Versions/A/CoreSymbolication
0x000000010ec7c000 	/System/Library/PrivateFrameworks/Symbolication.framework/Versions/A/Symbolication
0x000000010ed44000 	/System/Library/PrivateFrameworks/AppleFSCompression.framework/Versions/A/AppleFSCompression
0x000000010ed61000 	/System/Library/PrivateFrameworks/SpeechRecognitionCore.framework/Versions/A/SpeechRecognitionCore
0x000000010ed7d000 	/System/Library/PrivateFrameworks/ChunkingLibrary.framework/Versions/A/ChunkingLibrary
0x000000010f0b5000 	/Library/Java/JavaVirtualMachines/jdk1.8.0_112.jdk/Contents/Home/jre/lib/server/libjvm.dylib
0x0000000110057000 	/usr/lib/libstdc++.6.dylib
0x000000010efe6000 	/Library/Java/JavaVirtualMachines/jdk1.8.0_112.jdk/Contents/Home/jre/lib/libverify.dylib
0x0000000110110000 	/Library/Java/JavaVirtualMachines/jdk1.8.0_112.jdk/Contents/Home/jre/lib/libjava.dylib
0x0000000110145000 	/Library/Java/JavaVirtualMachines/jdk1.8.0_112.jdk/Contents/Home/jre/lib/libzip.dylib
0x000000012c171000 	/System/Library/Frameworks/JavaVM.framework/Frameworks/JavaRuntimeSupport.framework/JavaRuntimeSupport
0x000000012c18b000 	/System/Library/Frameworks/JavaVM.framework/Versions/A/Frameworks/JavaNativeFoundation.framework/Versions/A/JavaNativeFoundation
0x00000001101ef000 	/System/Library/Frameworks/JavaVM.framework/Versions/A/JavaVM
0x00000001039a6000 	/System/Library/Frameworks/Carbon.framework/Versions/A/Carbon
0x000000012c1a0000 	/System/Library/PrivateFrameworks/JavaLaunching.framework/Versions/A/JavaLaunching
0x000000012c1ac000 	/System/Library/Frameworks/Carbon.framework/Versions/A/Frameworks/CommonPanels.framework/Versions/A/CommonPanels
0x000000012c1b7000 	/System/Library/Frameworks/Carbon.framework/Versions/A/Frameworks/Help.framework/Versions/A/Help
0x000000012c1c0000 	/System/Library/Frameworks/Carbon.framework/Versions/A/Frameworks/ImageCapture.framework/Versions/A/ImageCapture
0x000000012c1d5000 	/System/Library/Frameworks/Carbon.framework/Versions/A/Frameworks/OpenScripting.framework/Versions/A/OpenScripting
0x00000000a2f11000 	/System/Library/Frameworks/Carbon.framework/Versions/A/Frameworks/Print.framework/Versions/A/Print
0x000000012c204000 	/System/Library/Frameworks/Carbon.framework/Versions/A/Frameworks/SecurityHI.framework/Versions/A/SecurityHI

VM Arguments:
jvm_args: -Dfile.encoding=UTF-8 
java_command: core.PerfectNumber
java_class_path (initial): /Users/val/workspace/coding challenge/bin
Launcher Type: SUN_STANDARD

Environment Variables:
PATH=/usr/bin:/bin:/usr/sbin:/sbin
SHELL=/bin/bash

Signal Handlers:
SIGSEGV: [libjvm.dylib+0x5b11a5], sa_mask[0]=11111111011111110111111111111111, sa_flags=SA_ONSTACK|SA_RESTART|SA_SIGINFO
SIGBUS: [libjvm.dylib+0x5b11a5], sa_mask[0]=11111111011111110111111111111111, sa_flags=SA_RESTART|SA_SIGINFO
SIGFPE: [libjvm.dylib+0x487dc0], sa_mask[0]=11111111011111110111111111111111, sa_flags=SA_RESTART|SA_SIGINFO
SIGPIPE: [libjvm.dylib+0x487dc0], sa_mask[0]=11111111011111110111111111111111, sa_flags=SA_RESTART|SA_SIGINFO
SIGXFSZ: [libjvm.dylib+0x487dc0], sa_mask[0]=11111111011111110111111111111111, sa_flags=SA_RESTART|SA_SIGINFO
SIGILL: [libjvm.dylib+0x487dc0], sa_mask[0]=11111111011111110111111111111111, sa_flags=SA_RESTART|SA_SIGINFO
SIGUSR1: SIG_DFL, sa_mask[0]=00000000000000000000000000000000, sa_flags=none
SIGUSR2: [libjvm.dylib+0x4878de], sa_mask[0]=00100000000000000000000000000000, sa_flags=SA_RESTART|SA_SIGINFO
SIGHUP: [libjvm.dylib+0x485eb5], sa_mask[0]=11111111011111110111111111111111, sa_flags=SA_RESTART|SA_SIGINFO
SIGINT: [libjvm.dylib+0x485eb5], sa_mask[0]=11111111011111110111111111111111, sa_flags=SA_RESTART|SA_SIGINFO
SIGTERM: [libjvm.dylib+0x485eb5], sa_mask[0]=11111111011111110111111111111111, sa_flags=SA_RESTART|SA_SIGINFO
SIGQUIT: [libjvm.dylib+0x485eb5], sa_mask[0]=11111111011111110111111111111111, sa_flags=SA_RESTART|SA_SIGINFO


---------------  S Y S T E M  ---------------

OS:Bsduname:Darwin 16.6.0 Darwin Kernel Version 16.6.0: Fri Apr 14 16:21:16 PDT 2017; root:xnu-3789.60.24~6/RELEASE_X86_64 x86_64
rlimit: STACK 8192k, CORE 0k, NPROC 709, NOFILE 10240, AS infinity
load average:5.10 5.50 6.23

CPU:total 8 (4 cores per cpu, 2 threads per core) family 6 model 42 stepping 7, cmov, cx8, fxsr, mmx, sse, sse2, sse3, ssse3, sse4.1, sse4.2, popcnt, avx, aes, clmul, ht, tsc, tscinvbit

Memory: 4k page, physical 16777216k(1108564k free)

/proc/meminfo:


vm_info: Java HotSpot(TM) 64-Bit Server VM (25.112-b16) for bsd-amd64 JRE (1.8.0_112-b16), built on Sep 30 2016 22:41:41 by "java_re" with gcc 4.2.1 (Based on Apple Inc. build 5658) (LLVM build 2336.11.00)

time: Wed Jun 28 12:22:07 2017
elapsed time: 33894 seconds (0d 9h 24m 54s)

