#
# A fatal error has been detected by the Java Runtime Environment:
#
#  Internal Error (safepoint.cpp:310), pid=94123, tid=0x0000000000003403
#  guarantee(PageArmed == 0) failed: invariant
#
# JRE version: Java(TM) SE Runtime Environment (8.0_112-b16) (build 1.8.0_112-b16)
# Java VM: Java HotSpot(TM) 64-Bit Server VM (25.112-b16 mixed mode bsd-amd64 compressed oops)
# Failed to write core dump. Core dumps have been disabled. To enable core dumping, try "ulimit -c unlimited" before starting Java again
#
# If you would like to submit a bug report, please visit:
#   http://bugreport.java.com/bugreport/crash.jsp
#

---------------  T H R E A D  ---------------

Current thread (0x00007fa7d602d800):  VMThread [stack: 0x000070000b4a8000,0x000070000b5a8000] [id=13315]

Stack: [0x000070000b4a8000,0x000070000b5a8000],  sp=0x000070000b5a7910,  free space=1022k
Native frames: (J=compiled Java code, j=interpreted, Vv=VM code, C=native code)
V  [libjvm.dylib+0x5b0996]
V  [libjvm.dylib+0x1e7bab]
V  [libjvm.dylib+0x4e1bba]
V  [libjvm.dylib+0x5b6fd3]
V  [libjvm.dylib+0x5b6901]
V  [libjvm.dylib+0x48a7ae]
C  [libsystem_pthread.dylib+0x393b]  _pthread_body+0xb4
C  [libsystem_pthread.dylib+0x3887]  _pthread_body+0x0
C  [libsystem_pthread.dylib+0x308d]  thread_start+0xd

VM_Operation (0x000070000ab86658): Exit, mode: safepoint, requested by thread 0x00007fa7d7002000


---------------  P R O C E S S  ---------------

Java Threads: ( => current thread )
  0x00007fa7d7002000 JavaThread "SIGTERM handler" daemon [_thread_blocked, id=4615, stack(0x000070000aa87000,0x000070000ab87000)]
  0x00007fa7d6034800 JavaThread "Service Thread" daemon [_thread_blocked, id=21251, stack(0x000070000bd43000,0x000070000be43000)]
  0x00007fa7d404c800 JavaThread "C1 CompilerThread3" daemon [_thread_blocked, id=20739, stack(0x000070000bc40000,0x000070000bd40000)]
  0x00007fa7d404c000 JavaThread "C2 CompilerThread2" daemon [_thread_blocked, id=20227, stack(0x000070000bb3d000,0x000070000bc3d000)]
  0x00007fa7d404b000 JavaThread "C2 CompilerThread1" daemon [_thread_blocked, id=19715, stack(0x000070000ba3a000,0x000070000bb3a000)]
  0x00007fa7d7808000 JavaThread "C2 CompilerThread0" daemon [_thread_blocked, id=19203, stack(0x000070000b937000,0x000070000ba37000)]
  0x00007fa7d7804000 JavaThread "Signal Dispatcher" daemon [_thread_in_vm, id=18691, stack(0x000070000b834000,0x000070000b934000)]
  0x00007fa7d602e000 JavaThread "Finalizer" daemon [_thread_blocked, id=14339, stack(0x000070000b6ae000,0x000070000b7ae000)]
  0x00007fa7d4030800 JavaThread "Reference Handler" daemon [_thread_blocked, id=13827, stack(0x000070000b5ab000,0x000070000b6ab000)]
  0x00007fa7d6002000 JavaThread "main" [_thread_in_Java, id=6915, stack(0x000070000ab8d000,0x000070000ac8d000)]

Other Threads:
=>0x00007fa7d602d800 VMThread [stack: 0x000070000b4a8000,0x000070000b5a8000] [id=13315]

VM state:synchronizing (normal execution)

VM Mutex/Monitor currently owned by a thread:  ([mutex/lock_event])
[0x00007fa7d48030b0] Safepoint_lock - owner thread: 0x00007fa7d602d800
[0x00007fa7d4803130] Threads_lock - owner thread: 0x00007fa7d602d800

Heap:
 PSYoungGen      total 76288K, used 5243K [0x000000076ab00000, 0x0000000770000000, 0x00000007c0000000)
  eden space 65536K, 8% used [0x000000076ab00000,0x000000076b01eca0,0x000000076eb00000)
  from space 10752K, 0% used [0x000000076f580000,0x000000076f580000,0x0000000770000000)
  to   space 10752K, 0% used [0x000000076eb00000,0x000000076eb00000,0x000000076f580000)
 ParOldGen       total 175104K, used 0K [0x00000006c0000000, 0x00000006cab00000, 0x000000076ab00000)
  object space 175104K, 0% used [0x00000006c0000000,0x00000006c0000000,0x00000006cab00000)
 Metaspace       used 2652K, capacity 4486K, committed 4864K, reserved 1056768K
  class space    used 289K, capacity 386K, committed 512K, reserved 1048576K

Card table byte_map: [0x0000000105962000,0x0000000106163000] byte_map_base: 0x0000000102362000

Marking Bits: (ParMarkBitMap*) 0x0000000104ef0d30
 Begin Bits: [0x000000011acbe000, 0x000000011ecbe000)
 End Bits:   [0x000000011ecbe000, 0x0000000122cbe000)

Polling page: 0x000000010359b000

CodeCache: size=245760Kb used=1098Kb max_used=1110Kb free=244661Kb
 bounds [0x000000010bcbe000, 0x000000010bf2e000, 0x000000011acbe000]
 total_blobs=251 nmethods=21 adapters=145
 compilation: enabled

Compilation events (10 events):
Event: 0.103 Thread 0x00007fa7d7808000   17 %     4       PerfectNumbers.PerfectNumber::isPerfectNumber @ 7 (36 bytes)
Event: 0.106 Thread 0x00007fa7d7808000 nmethod 17% 0x000000010bdd08d0 code [0x000000010bdd0a20, 0x000000010bdd0c38]
Event: 0.106 Thread 0x00007fa7d404b000   18       4       PerfectNumbers.PerfectNumber::isPerfectNumber (36 bytes)
Event: 0.108 Thread 0x00007fa7d404b000 nmethod 18 0x000000010bdd0cd0 code [0x000000010bdd0e20, 0x000000010bdd0ff8]
Event: 4.273 Thread 0x00007fa7d404c800   19 %     3       PerfectNumbers.PerfectNumber::main @ 8 (49 bytes)
Event: 4.275 Thread 0x00007fa7d404c800 nmethod 19% 0x000000010bdcf610 code [0x000000010bdcf840, 0x000000010bdd02f8]
Event: 4.413 Thread 0x00007fa7d404c800   20       3       PerfectNumbers.PerfectNumber::main (49 bytes)
Event: 4.414 Thread 0x00007fa7d404c800 nmethod 20 0x000000010bdce350 code [0x000000010bdce580, 0x000000010bdceff8]
Event: 11.781 Thread 0x00007fa7d404c000   21 %     4       PerfectNumbers.PerfectNumber::main @ 8 (49 bytes)
Event: 11.784 Thread 0x00007fa7d404c000 nmethod 21% 0x000000010bdcde90 code [0x000000010bdcdfe0, 0x000000010bdce258]

GC Heap History (0 events):
No events

Deoptimization events (0 events):
No events

Internal exceptions (2 events):
Event: 0.035 Thread 0x00007fa7d6002000 Exception <a 'java/lang/NoSuchMethodError': Method sun.misc.Unsafe.defineClass(Ljava/lang/String;[BII)Ljava/lang/Class; name or signature does not match> (0x000000076ab07c78) thrown at [/Users/java_re/workspace/8-2-build-macosx-x86_64/jdk8u112/7935/hotspo
Event: 0.035 Thread 0x00007fa7d6002000 Exception <a 'java/lang/NoSuchMethodError': Method sun.misc.Unsafe.prefetchRead(Ljava/lang/Object;J)V name or signature does not match> (0x000000076ab07f60) thrown at [/Users/java_re/workspace/8-2-build-macosx-x86_64/jdk8u112/7935/hotspot/src/share/vm/pri

Events (10 events):
Event: 13.735 Thread 0x00007fa7d6002000 DEOPT PACKING pc=0x000000010bdd00ba sp=0x000070000ac8c890
Event: 13.735 Thread 0x00007fa7d6002000 DEOPT UNPACKING pc=0x000000010bd05633 sp=0x000070000ac8c630 mode 0
Event: 183.034 loading class sun/misc/Signal$1
Event: 183.034 loading class sun/misc/Signal$1 done
Event: 183.034 Thread 0x00007fa7d7002000 Thread added: 0x00007fa7d7002000
Event: 183.034 loading class java/lang/Shutdown
Event: 183.034 loading class java/lang/Shutdown done
Event: 183.034 loading class java/lang/Shutdown$Lock
Event: 183.035 loading class java/lang/Shutdown$Lock done
Event: 183.035 Executing VM operation: Exit


Dynamic libraries:
0x0000000007688000 	/System/Library/Frameworks/Cocoa.framework/Versions/A/Cocoa
0x0000000007688000 	/System/Library/Frameworks/Security.framework/Versions/A/Security
0x0000000007688000 	/System/Library/Frameworks/ApplicationServices.framework/Versions/A/ApplicationServices
0x0000000007688000 	/usr/lib/libz.1.dylib
0x0000000007688000 	/usr/lib/libSystem.B.dylib
0x0000000007688000 	/usr/lib/libobjc.A.dylib
0x0000000007688000 	/System/Library/Frameworks/CoreFoundation.framework/Versions/A/CoreFoundation
0x0000000007688000 	/System/Library/Frameworks/Foundation.framework/Versions/C/Foundation
0x0000000007688000 	/System/Library/Frameworks/AppKit.framework/Versions/C/AppKit
0x0000000007688000 	/System/Library/Frameworks/CoreData.framework/Versions/A/CoreData
0x0000000007688000 	/System/Library/PrivateFrameworks/RemoteViewServices.framework/Versions/A/RemoteViewServices
0x0000000007688000 	/System/Library/PrivateFrameworks/UIFoundation.framework/Versions/A/UIFoundation
0x0000000007688000 	/System/Library/PrivateFrameworks/DFRFoundation.framework/Versions/A/DFRFoundation
0x0000000007688000 	/usr/lib/libenergytrace.dylib
0x0000000007688000 	/System/Library/PrivateFrameworks/SkyLight.framework/Versions/A/SkyLight
0x0000000007688000 	/System/Library/Frameworks/CoreGraphics.framework/Versions/A/CoreGraphics
0x0000000007688000 	/usr/lib/libScreenReader.dylib
0x0000000007688000 	/System/Library/Frameworks/Accelerate.framework/Versions/A/Accelerate
0x0000000007688000 	/System/Library/Frameworks/IOSurface.framework/Versions/A/IOSurface
0x0000000007688000 	/System/Library/Frameworks/AudioToolbox.framework/Versions/A/AudioToolbox
0x0000000007688000 	/System/Library/Frameworks/AudioUnit.framework/Versions/A/AudioUnit
0x0000000007688000 	/System/Library/PrivateFrameworks/DataDetectorsCore.framework/Versions/A/DataDetectorsCore
0x0000000007688000 	/System/Library/PrivateFrameworks/DesktopServicesPriv.framework/Versions/A/DesktopServicesPriv
0x0000000007688000 	/System/Library/Frameworks/Carbon.framework/Versions/A/Frameworks/HIToolbox.framework/Versions/A/HIToolbox
0x0000000007688000 	/usr/lib/libicucore.A.dylib
0x0000000007688000 	/System/Library/Frameworks/QuartzCore.framework/Versions/A/QuartzCore
0x0000000007688000 	/System/Library/Frameworks/Carbon.framework/Versions/A/Frameworks/SpeechRecognition.framework/Versions/A/SpeechRecognition
0x0000000007688000 	/usr/lib/libauto.dylib
0x0000000007688000 	/usr/lib/libxml2.2.dylib
0x0000000007688000 	/System/Library/PrivateFrameworks/CoreUI.framework/Versions/A/CoreUI
0x0000000007688000 	/System/Library/Frameworks/CoreAudio.framework/Versions/A/CoreAudio
0x0000000007688000 	/System/Library/Frameworks/DiskArbitration.framework/Versions/A/DiskArbitration
0x0000000007688000 	/usr/lib/liblangid.dylib
0x0000000007688000 	/System/Library/PrivateFrameworks/MultitouchSupport.framework/Versions/A/MultitouchSupport
0x0000000007688000 	/System/Library/Frameworks/IOKit.framework/Versions/A/IOKit
0x0000000007688000 	/usr/lib/libDiagnosticMessagesClient.dylib
0x0000000007688000 	/System/Library/Frameworks/CoreServices.framework/Versions/A/CoreServices
0x0000000007688000 	/System/Library/PrivateFrameworks/PerformanceAnalysis.framework/Versions/A/PerformanceAnalysis
0x0000000007688000 	/System/Library/PrivateFrameworks/GenerationalStorage.framework/Versions/A/GenerationalStorage
0x0000000007688000 	/System/Library/Frameworks/OpenGL.framework/Versions/A/OpenGL
0x0000000007688000 	/System/Library/Frameworks/CoreImage.framework/Versions/A/CoreImage
0x0000000007688000 	/System/Library/Frameworks/CoreText.framework/Versions/A/CoreText
0x0000000007688000 	/System/Library/Frameworks/ImageIO.framework/Versions/A/ImageIO
0x0000000007688000 	/System/Library/PrivateFrameworks/Backup.framework/Versions/A/Backup
0x0000000007688000 	/usr/lib/libarchive.2.dylib
0x0000000007688000 	/System/Library/Frameworks/CFNetwork.framework/Versions/A/CFNetwork
0x0000000007688000 	/System/Library/Frameworks/SystemConfiguration.framework/Versions/A/SystemConfiguration
0x0000000007688000 	/usr/lib/libCRFSuite.dylib
0x0000000007688000 	/usr/lib/libc++.1.dylib
0x0000000007688000 	/usr/lib/libc++abi.dylib
0x0000000007688000 	/usr/lib/system/libcache.dylib
0x0000000007688000 	/usr/lib/system/libcommonCrypto.dylib
0x0000000007688000 	/usr/lib/system/libcompiler_rt.dylib
0x0000000007688000 	/usr/lib/system/libcopyfile.dylib
0x0000000007688000 	/usr/lib/system/libcorecrypto.dylib
0x0000000007688000 	/usr/lib/system/libdispatch.dylib
0x0000000007688000 	/usr/lib/system/libdyld.dylib
0x0000000007688000 	/usr/lib/system/libkeymgr.dylib
0x0000000007688000 	/usr/lib/system/liblaunch.dylib
0x0000000007688000 	/usr/lib/system/libmacho.dylib
0x0000000007688000 	/usr/lib/system/libquarantine.dylib
0x0000000007688000 	/usr/lib/system/libremovefile.dylib
0x0000000007688000 	/usr/lib/system/libsystem_asl.dylib
0x0000000007688000 	/usr/lib/system/libsystem_blocks.dylib
0x0000000007688000 	/usr/lib/system/libsystem_c.dylib
0x0000000007688000 	/usr/lib/system/libsystem_configuration.dylib
0x0000000007688000 	/usr/lib/system/libsystem_coreservices.dylib
0x0000000007688000 	/usr/lib/system/libsystem_coretls.dylib
0x0000000007688000 	/usr/lib/system/libsystem_dnssd.dylib
0x0000000007688000 	/usr/lib/system/libsystem_info.dylib
0x0000000007688000 	/usr/lib/system/libsystem_kernel.dylib
0x0000000007688000 	/usr/lib/system/libsystem_m.dylib
0x0000000007688000 	/usr/lib/system/libsystem_malloc.dylib
0x0000000007688000 	/usr/lib/system/libsystem_network.dylib
0x0000000007688000 	/usr/lib/system/libsystem_networkextension.dylib
0x0000000007688000 	/usr/lib/system/libsystem_notify.dylib
0x0000000007688000 	/usr/lib/system/libsystem_platform.dylib
0x0000000007688000 	/usr/lib/system/libsystem_pthread.dylib
0x0000000007688000 	/usr/lib/system/libsystem_sandbox.dylib
0x0000000007688000 	/usr/lib/system/libsystem_secinit.dylib
0x0000000007688000 	/usr/lib/system/libsystem_symptoms.dylib
0x0000000007688000 	/usr/lib/system/libsystem_trace.dylib
0x0000000007688000 	/usr/lib/system/libunwind.dylib
0x0000000007688000 	/usr/lib/system/libxpc.dylib
0x0000000007688000 	/usr/lib/libbsm.0.dylib
0x0000000007688000 	/usr/lib/system/libkxld.dylib
0x0000000007688000 	/usr/lib/libcoretls.dylib
0x0000000007688000 	/usr/lib/libcoretls_cfhelpers.dylib
0x0000000007688000 	/usr/lib/libOpenScriptingUtil.dylib
0x0000000007688000 	/usr/lib/libpam.2.dylib
0x0000000007688000 	/usr/lib/libsqlite3.dylib
0x0000000007688000 	/usr/lib/libxar.1.dylib
0x0000000007688000 	/usr/lib/libbz2.1.0.dylib
0x0000000007688000 	/usr/lib/liblzma.5.dylib
0x0000000007688000 	/usr/lib/libnetwork.dylib
0x0000000007688000 	/usr/lib/libpcap.A.dylib
0x0000000007688000 	/System/Library/Frameworks/CoreServices.framework/Versions/A/Frameworks/FSEvents.framework/Versions/A/FSEvents
0x0000000007688000 	/System/Library/Frameworks/CoreServices.framework/Versions/A/Frameworks/CarbonCore.framework/Versions/A/CarbonCore
0x0000000007688000 	/System/Library/Frameworks/CoreServices.framework/Versions/A/Frameworks/Metadata.framework/Versions/A/Metadata
0x0000000007688000 	/System/Library/Frameworks/CoreServices.framework/Versions/A/Frameworks/OSServices.framework/Versions/A/OSServices
0x0000000007688000 	/System/Library/Frameworks/CoreServices.framework/Versions/A/Frameworks/SearchKit.framework/Versions/A/SearchKit
0x0000000007688000 	/System/Library/Frameworks/CoreServices.framework/Versions/A/Frameworks/AE.framework/Versions/A/AE
0x0000000007688000 	/System/Library/Frameworks/CoreServices.framework/Versions/A/Frameworks/LaunchServices.framework/Versions/A/LaunchServices
0x0000000007688000 	/System/Library/Frameworks/CoreServices.framework/Versions/A/Frameworks/DictionaryServices.framework/Versions/A/DictionaryServices
0x0000000007688000 	/System/Library/Frameworks/CoreServices.framework/Versions/A/Frameworks/SharedFileList.framework/Versions/A/SharedFileList
0x0000000007688000 	/System/Library/Frameworks/NetFS.framework/Versions/A/NetFS
0x0000000007688000 	/System/Library/PrivateFrameworks/NetAuth.framework/Versions/A/NetAuth
0x0000000007688000 	/System/Library/PrivateFrameworks/login.framework/Versions/A/Frameworks/loginsupport.framework/Versions/A/loginsupport
0x0000000007688000 	/System/Library/PrivateFrameworks/TCC.framework/Versions/A/TCC
0x0000000007688000 	/usr/lib/libmecabra.dylib
0x0000000007688000 	/System/Library/Frameworks/ApplicationServices.framework/Versions/A/Frameworks/ATS.framework/Versions/A/ATS
0x0000000007688000 	/System/Library/Frameworks/ApplicationServices.framework/Versions/A/Frameworks/ColorSync.framework/Versions/A/ColorSync
0x0000000007688000 	/System/Library/Frameworks/ApplicationServices.framework/Versions/A/Frameworks/HIServices.framework/Versions/A/HIServices
0x0000000007688000 	/System/Library/Frameworks/ApplicationServices.framework/Versions/A/Frameworks/LangAnalysis.framework/Versions/A/LangAnalysis
0x0000000007688000 	/System/Library/Frameworks/ApplicationServices.framework/Versions/A/Frameworks/PrintCore.framework/Versions/A/PrintCore
0x0000000007688000 	/System/Library/Frameworks/ApplicationServices.framework/Versions/A/Frameworks/QD.framework/Versions/A/QD
0x0000000007688000 	/System/Library/Frameworks/ApplicationServices.framework/Versions/A/Frameworks/SpeechSynthesis.framework/Versions/A/SpeechSynthesis
0x0000000007688000 	/System/Library/Frameworks/Accelerate.framework/Versions/A/Frameworks/vImage.framework/Versions/A/vImage
0x0000000007688000 	/System/Library/Frameworks/Accelerate.framework/Versions/A/Frameworks/vecLib.framework/Versions/A/vecLib
0x0000000007688000 	/System/Library/Frameworks/Accelerate.framework/Versions/A/Frameworks/vecLib.framework/Versions/A/libvDSP.dylib
0x0000000007688000 	/System/Library/Frameworks/Accelerate.framework/Versions/A/Frameworks/vecLib.framework/Versions/A/libBNNS.dylib
0x0000000007688000 	/System/Library/Frameworks/Accelerate.framework/Versions/A/Frameworks/vecLib.framework/Versions/A/libQuadrature.dylib
0x0000000007688000 	/System/Library/Frameworks/Accelerate.framework/Versions/A/Frameworks/vecLib.framework/Versions/A/libvMisc.dylib
0x0000000007688000 	/System/Library/Frameworks/Accelerate.framework/Versions/A/Frameworks/vecLib.framework/Versions/A/libLAPACK.dylib
0x0000000007688000 	/System/Library/Frameworks/Accelerate.framework/Versions/A/Frameworks/vecLib.framework/Versions/A/libBLAS.dylib
0x0000000007688000 	/System/Library/Frameworks/Accelerate.framework/Versions/A/Frameworks/vecLib.framework/Versions/A/libLinearAlgebra.dylib
0x0000000007688000 	/System/Library/Frameworks/Accelerate.framework/Versions/A/Frameworks/vecLib.framework/Versions/A/libSparseBLAS.dylib
0x0000000007688000 	/System/Library/Frameworks/ApplicationServices.framework/Versions/A/Frameworks/ATS.framework/Versions/A/Resources/libFontParser.dylib
0x0000000007688000 	/System/Library/Frameworks/ApplicationServices.framework/Versions/A/Frameworks/ATS.framework/Versions/A/Resources/libFontRegistry.dylib
0x0000000007688000 	/System/Library/Frameworks/ImageIO.framework/Versions/A/Resources/libJPEG.dylib
0x0000000007688000 	/System/Library/Frameworks/ImageIO.framework/Versions/A/Resources/libTIFF.dylib
0x0000000007688000 	/System/Library/Frameworks/ImageIO.framework/Versions/A/Resources/libPng.dylib
0x0000000007688000 	/System/Library/Frameworks/ImageIO.framework/Versions/A/Resources/libGIF.dylib
0x0000000007688000 	/System/Library/Frameworks/ImageIO.framework/Versions/A/Resources/libJP2.dylib
0x0000000007688000 	/System/Library/Frameworks/ImageIO.framework/Versions/A/Resources/libRadiance.dylib
0x0000000007688000 	/usr/lib/libcompression.dylib
0x0000000007688000 	/System/Library/PrivateFrameworks/AppleJPEG.framework/Versions/A/AppleJPEG
0x0000000007688000 	/usr/lib/libcups.2.dylib
0x0000000007688000 	/System/Library/Frameworks/Kerberos.framework/Versions/A/Kerberos
0x0000000007688000 	/System/Library/Frameworks/GSS.framework/Versions/A/GSS
0x0000000007688000 	/usr/lib/libresolv.9.dylib
0x0000000007688000 	/usr/lib/libiconv.2.dylib
0x0000000007688000 	/System/Library/PrivateFrameworks/Heimdal.framework/Versions/A/Heimdal
0x0000000007688000 	/usr/lib/libheimdal-asn1.dylib
0x0000000007688000 	/System/Library/Frameworks/OpenDirectory.framework/Versions/A/OpenDirectory
0x0000000007688000 	/System/Library/PrivateFrameworks/CommonAuth.framework/Versions/A/CommonAuth
0x0000000007688000 	/System/Library/Frameworks/OpenDirectory.framework/Versions/A/Frameworks/CFOpenDirectory.framework/Versions/A/CFOpenDirectory
0x0000000007688000 	/System/Library/Frameworks/SecurityFoundation.framework/Versions/A/SecurityFoundation
0x0000000007688000 	/System/Library/PrivateFrameworks/LanguageModeling.framework/Versions/A/LanguageModeling
0x0000000007688000 	/usr/lib/libmarisa.dylib
0x0000000007688000 	/usr/lib/libChineseTokenizer.dylib
0x0000000007688000 	/usr/lib/libcmph.dylib
0x0000000007688000 	/System/Library/PrivateFrameworks/CoreEmoji.framework/Versions/A/CoreEmoji
0x0000000007688000 	/System/Library/Frameworks/ServiceManagement.framework/Versions/A/ServiceManagement
0x0000000007688000 	/usr/lib/libxslt.1.dylib
0x0000000007688000 	/System/Library/Frameworks/Carbon.framework/Versions/A/Frameworks/Ink.framework/Versions/A/Ink
0x0000000007688000 	/System/Library/PrivateFrameworks/TextureIO.framework/Versions/A/TextureIO
0x0000000007688000 	/System/Library/Frameworks/Metal.framework/Versions/A/Metal
0x0000000007688000 	/usr/lib/libate.dylib
0x0000000007688000 	/System/Library/PrivateFrameworks/GPUCompiler.framework/libmetal_timestamp.dylib
0x0000000007688000 	/System/Library/Frameworks/OpenGL.framework/Versions/A/Libraries/libCoreFSCache.dylib
0x0000000007688000 	/System/Library/PrivateFrameworks/IOAccelerator.framework/Versions/A/IOAccelerator
0x0000000007688000 	/System/Library/Frameworks/CoreVideo.framework/Versions/A/CoreVideo
0x0000000007688000 	/usr/lib/libFosl_dynamic.dylib
0x0000000007688000 	/System/Library/PrivateFrameworks/MetalPerformanceShaders.framework/Versions/A/MetalPerformanceShaders
0x0000000007688000 	/System/Library/PrivateFrameworks/FaceCore.framework/Versions/A/FaceCore
0x0000000007688000 	/System/Library/Frameworks/OpenCL.framework/Versions/A/OpenCL
0x0000000007688000 	/System/Library/Frameworks/OpenGL.framework/Versions/A/Libraries/libGLU.dylib
0x0000000007688000 	/System/Library/Frameworks/OpenGL.framework/Versions/A/Libraries/libGFXShared.dylib
0x0000000007688000 	/System/Library/Frameworks/OpenGL.framework/Versions/A/Libraries/libGL.dylib
0x0000000007688000 	/System/Library/Frameworks/OpenGL.framework/Versions/A/Libraries/libGLImage.dylib
0x0000000007688000 	/System/Library/Frameworks/OpenGL.framework/Versions/A/Libraries/libCVMSPluginSupport.dylib
0x0000000007688000 	/System/Library/Frameworks/OpenGL.framework/Versions/A/Libraries/libCoreVMClient.dylib
0x0000000007688000 	/System/Library/PrivateFrameworks/CrashReporterSupport.framework/Versions/A/CrashReporterSupport
0x0000000007688000 	/System/Library/PrivateFrameworks/Sharing.framework/Versions/A/Sharing
0x0000000007688000 	/System/Library/PrivateFrameworks/IconServices.framework/Versions/A/IconServices
0x0000000007688000 	/System/Library/PrivateFrameworks/ProtocolBuffer.framework/Versions/A/ProtocolBuffer
0x0000000007688000 	/System/Library/PrivateFrameworks/Apple80211.framework/Versions/A/Apple80211
0x0000000007688000 	/System/Library/Frameworks/CoreWLAN.framework/Versions/A/CoreWLAN
0x0000000007688000 	/System/Library/PrivateFrameworks/CoreUtils.framework/Versions/A/CoreUtils
0x0000000007688000 	/System/Library/Frameworks/IOBluetooth.framework/Versions/A/IOBluetooth
0x0000000007688000 	/System/Library/PrivateFrameworks/CoreWiFi.framework/Versions/A/CoreWiFi
0x0000000007688000 	/System/Library/Frameworks/CoreBluetooth.framework/Versions/A/CoreBluetooth
0x0000000007688000 	/System/Library/Frameworks/CoreDisplay.framework/Versions/A/CoreDisplay
0x0000000007688000 	/System/Library/PrivateFrameworks/IOPresentment.framework/Versions/A/IOPresentment
0x0000000007688000 	/System/Library/PrivateFrameworks/DSExternalDisplay.framework/Versions/A/DSExternalDisplay
0x0000000007688000 	/System/Library/PrivateFrameworks/DebugSymbols.framework/Versions/A/DebugSymbols
0x0000000007688000 	/System/Library/PrivateFrameworks/CoreSymbolication.framework/Versions/A/CoreSymbolication
0x0000000007688000 	/System/Library/PrivateFrameworks/Symbolication.framework/Versions/A/Symbolication
0x0000000007688000 	/System/Library/PrivateFrameworks/AppleFSCompression.framework/Versions/A/AppleFSCompression
0x0000000007688000 	/System/Library/PrivateFrameworks/SpeechRecognitionCore.framework/Versions/A/SpeechRecognitionCore
0x0000000007688000 	/System/Library/PrivateFrameworks/ChunkingLibrary.framework/Versions/A/ChunkingLibrary
0x0000000104600000 	/Library/Java/JavaVirtualMachines/jdk1.8.0_112.jdk/Contents/Home/jre/lib/server/libjvm.dylib
0x0000000007688000 	/usr/lib/libstdc++.6.dylib
0x0000000103558000 	/Library/Java/JavaVirtualMachines/jdk1.8.0_112.jdk/Contents/Home/jre/lib/libverify.dylib
0x0000000103566000 	/Library/Java/JavaVirtualMachines/jdk1.8.0_112.jdk/Contents/Home/jre/lib/libjava.dylib
0x00000001035a5000 	/Library/Java/JavaVirtualMachines/jdk1.8.0_112.jdk/Contents/Home/jre/lib/libzip.dylib
0x0000000109607000 	/System/Library/Frameworks/JavaVM.framework/Frameworks/JavaRuntimeSupport.framework/JavaRuntimeSupport
0x0000000109621000 	/System/Library/Frameworks/JavaVM.framework/Versions/A/Frameworks/JavaNativeFoundation.framework/Versions/A/JavaNativeFoundation
0x0000000109636000 	/System/Library/Frameworks/JavaVM.framework/Versions/A/JavaVM
0x0000000007688000 	/System/Library/Frameworks/Carbon.framework/Versions/A/Carbon
0x0000000109643000 	/System/Library/PrivateFrameworks/JavaLaunching.framework/Versions/A/JavaLaunching
0x0000000007688000 	/System/Library/Frameworks/Carbon.framework/Versions/A/Frameworks/CommonPanels.framework/Versions/A/CommonPanels
0x0000000007688000 	/System/Library/Frameworks/Carbon.framework/Versions/A/Frameworks/Help.framework/Versions/A/Help
0x0000000007688000 	/System/Library/Frameworks/Carbon.framework/Versions/A/Frameworks/ImageCapture.framework/Versions/A/ImageCapture
0x0000000007688000 	/System/Library/Frameworks/Carbon.framework/Versions/A/Frameworks/OpenScripting.framework/Versions/A/OpenScripting
0x0000000007688000 	/System/Library/Frameworks/Carbon.framework/Versions/A/Frameworks/Print.framework/Versions/A/Print
0x0000000007688000 	/System/Library/Frameworks/Carbon.framework/Versions/A/Frameworks/SecurityHI.framework/Versions/A/SecurityHI

VM Arguments:
jvm_args: -Dfile.encoding=UTF-8 
java_command: PerfectNumbers.PerfectNumber
java_class_path (initial): /Users/val/workspace/coding challenge/bin
Launcher Type: SUN_STANDARD

Environment Variables:
PATH=/usr/bin:/bin:/usr/sbin:/sbin
SHELL=/bin/bash

Signal Handlers:
SIGSEGV: [libjvm.dylib+0x5b11a5], sa_mask[0]=11111111011111110111111111111111, sa_flags=SA_ONSTACK|SA_RESTART|SA_SIGINFO
SIGBUS: [libjvm.dylib+0x5b11a5], sa_mask[0]=11111111011111110111111111111111, sa_flags=SA_RESTART|SA_SIGINFO
SIGFPE: [libjvm.dylib+0x487dc0], sa_mask[0]=11111111011111110111111111111111, sa_flags=SA_RESTART|SA_SIGINFO
SIGPIPE: [libjvm.dylib+0x487dc0], sa_mask[0]=11111111011111110111111111111111, sa_flags=SA_RESTART|SA_SIGINFO
SIGXFSZ: [libjvm.dylib+0x487dc0], sa_mask[0]=11111111011111110111111111111111, sa_flags=SA_RESTART|SA_SIGINFO
SIGILL: [libjvm.dylib+0x487dc0], sa_mask[0]=11111111011111110111111111111111, sa_flags=SA_RESTART|SA_SIGINFO
SIGUSR1: SIG_DFL, sa_mask[0]=00000000000000000000000000000000, sa_flags=none
SIGUSR2: [libjvm.dylib+0x4878de], sa_mask[0]=00100000000000000000000000000000, sa_flags=SA_RESTART|SA_SIGINFO
SIGHUP: [libjvm.dylib+0x485eb5], sa_mask[0]=11111111011111110111111111111111, sa_flags=SA_RESTART|SA_SIGINFO
SIGINT: [libjvm.dylib+0x485eb5], sa_mask[0]=11111111011111110111111111111111, sa_flags=SA_RESTART|SA_SIGINFO
SIGTERM: [libjvm.dylib+0x485eb5], sa_mask[0]=11111111011111110111111111111111, sa_flags=SA_RESTART|SA_SIGINFO
SIGQUIT: [libjvm.dylib+0x485eb5], sa_mask[0]=11111111011111110111111111111111, sa_flags=SA_RESTART|SA_SIGINFO


---------------  S Y S T E M  ---------------

OS:Bsduname:Darwin 16.6.0 Darwin Kernel Version 16.6.0: Fri Apr 14 16:21:16 PDT 2017; root:xnu-3789.60.24~6/RELEASE_X86_64 x86_64
rlimit: STACK 8192k, CORE 0k, NPROC 709, NOFILE 10240, AS infinity
load average:4.32 4.16 3.76

CPU:total 8 (4 cores per cpu, 2 threads per core) family 6 model 42 stepping 7, cmov, cx8, fxsr, mmx, sse, sse2, sse3, ssse3, sse4.1, sse4.2, popcnt, avx, aes, clmul, ht, tsc, tscinvbit

Memory: 4k page, physical 16777216k(92520k free)

/proc/meminfo:


vm_info: Java HotSpot(TM) 64-Bit Server VM (25.112-b16) for bsd-amd64 JRE (1.8.0_112-b16), built on Sep 30 2016 22:41:41 by "java_re" with gcc 4.2.1 (Based on Apple Inc. build 5658) (LLVM build 2336.11.00)

time: Thu Jul  6 18:44:30 2017
elapsed time: 833 seconds (0d 0h 13m 53s)

